<?xml version="1.0" encoding="UTF-8"?>
<!-- Generated by org.testng.reporters.JUnitReportReporter -->
<testsuite hostname="DESKTOP-BB0HM8L" failures="0" tests="3" name="testngconcepts.DataProviderDemo" time="24.726" errors="0" timestamp="2024-04-22T18:38:27 IST" skipped="0">
  <testcase classname="testngconcepts.DataProviderDemo" name="login" time="7.521"/>
  <system-out/>
  <testcase classname="testngconcepts.DataProviderDemo" name="login" time="7.451"/>
  <system-out/>
  <testcase classname="testngconcepts.DataProviderDemo" name="login" time="9.754"/>
  <system-out/>
</testsuite> <!-- testngconcepts.DataProviderDemo -->
