<?xml version="1.0" encoding="UTF-8"?>
<!-- Generated by org.testng.reporters.JUnitReportReporter -->
<testsuite hostname="DESKTOP-BB0HM8L" failures="0" tests="2" name="testngconcepts.Demo2" time="0.018" errors="0" timestamp="2024-04-18T17:54:07 IST" skipped="0">
  <testcase classname="testngconcepts.Demo2" name="test1" time="0.003"/>
  <system-out/>
  <testcase classname="testngconcepts.Demo2" name="test2" time="0.015"/>
  <system-out/>
</testsuite> <!-- testngconcepts.Demo2 -->
