<?xml version="1.0" encoding="UTF-8"?>
<!-- Generated by org.testng.reporters.JUnitReportReporter -->
<testsuite hostname="DESKTOP-BB0HM8L" failures="0" tests="2" name="testcases.VerifyResgistrationTestCases" time="25.883" errors="0" timestamp="2024-04-29T01:28:14 IST" skipped="0">
  <testcase classname="testcases.VerifyResgistrationTestCases" name="verifyRegisterationWithInValidData" time="14.136"/>
  <system-out/>
  <testcase classname="testcases.VerifyResgistrationTestCases" name="verifyRegisterationWithValidData" time="11.747"/>
  <system-out/>
</testsuite> <!-- testcases.VerifyResgistrationTestCases -->
