<?xml version="1.0" encoding="UTF-8"?>
<!-- Generated by org.testng.reporters.JUnitReportReporter -->
<testsuite hostname="DESKTOP-BB0HM8L" failures="0" tests="2" name="testcases.VerifyResgistrationTestCases" time="30.746" errors="0" timestamp="2024-05-01T08:44:24 IST" skipped="0">
  <testcase classname="testcases.VerifyResgistrationTestCases" name="verifyRegisterationWithValidData" time="16.739"/>
  <system-out/>
  <testcase classname="testcases.VerifyResgistrationTestCases" name="verifyRegisterationWithInValidData" time="14.007"/>
  <system-out/>
</testsuite> <!-- testcases.VerifyResgistrationTestCases -->
