<?xml version="1.0" encoding="UTF-8"?>
<!-- Generated by org.testng.reporters.JUnitReportReporter -->
<testsuite hostname="DESKTOP-BB0HM8L" failures="0" tests="1" name="testngconcepts.AssertionRealExample" time="16.905" errors="0" timestamp="2024-04-21T16:43:42 IST" skipped="0">
  <testcase classname="testngconcepts.AssertionRealExample" name="verifyValidLoginwithDashboard" time="16.905"/>
  <system-out/>
</testsuite> <!-- testngconcepts.AssertionRealExample -->
