<?xml version="1.0" encoding="UTF-8"?>
<!-- Generated by org.testng.reporters.JUnitReportReporter -->
<testsuite hostname="DESKTOP-BB0HM8L" failures="0" tests="2" name="testngconcepts.Demo1" time="0.025" errors="0" timestamp="2024-04-18T17:54:07 IST" skipped="0">
  <testcase classname="testngconcepts.Demo1" name="test1" time="0.019"/>
  <system-out/>
  <testcase classname="testngconcepts.Demo1" name="test2" time="0.006"/>
  <system-out/>
</testsuite> <!-- testngconcepts.Demo1 -->
