<?xml version="1.0" encoding="UTF-8"?>
<!-- Generated by org.testng.reporters.JUnitReportReporter -->
<testsuite hostname="DESKTOP-BB0HM8L" failures="0" tests="3" name="testngconcepts.PriorityDemo" time="0.046" errors="0" timestamp="2024-04-18T23:22:02 IST" skipped="0">
  <testcase classname="testngconcepts.PriorityDemo" name="verifylogin" time="0.031"/>
  <system-out/>
  <testcase classname="testngconcepts.PriorityDemo" name="signup" time="0.010"/>
  <system-out/>
  <testcase classname="testngconcepts.PriorityDemo" name="logout" time="0.005"/>
  <system-out/>
</testsuite> <!-- testngconcepts.PriorityDemo -->
